2026-02-16 16:39:45 INFO  LoginTest - Launching browser...
2026-02-16 16:39:48 INFO  LoginTest - Starting Login Test
2026-02-16 16:39:48 INFO  LoginPage - Entering username
2026-02-16 16:39:48 INFO  LoginPage - Entering Password
2026-02-16 16:39:48 INFO  LoginPage - Clicking Login button
2026-02-16 16:48:19 INFO  LoginTest - Launching browser...
2026-02-16 16:48:21 INFO  LoginTest - Starting Login Test
2026-02-16 16:48:21 INFO  LoginPage - Entering username
2026-02-16 16:48:21 INFO  LoginPage - Entering Password
2026-02-16 16:48:21 INFO  LoginPage - Clicking Login button
2026-02-16 16:49:18 INFO  LoginTest - Launching browser...
2026-02-16 16:49:20 INFO  LoginTest - Starting Login Test
2026-02-16 16:49:20 INFO  LoginPage - Entering username
2026-02-16 16:49:20 INFO  LoginPage - Entering Password
2026-02-16 16:49:20 INFO  LoginPage - Clicking Login button
2026-02-16 16:49:20 INFO  LoginTest - Login Test Completed
2026-02-16 16:55:06 INFO  LoginTest - Launching browser...
2026-02-16 16:55:10 INFO  LoginTest - Starting Login Test
2026-02-16 16:55:10 INFO  LoginPage - Entering username
2026-02-16 16:55:10 INFO  LoginPage - Entering Password
2026-02-16 16:55:10 INFO  LoginPage - Clicking Login button
2026-02-16 16:55:10 INFO  LoginTest - Login Test Completed
2026-02-16 17:10:43 INFO  LoginTest - Launching browser...
2026-02-16 17:10:45 INFO  LoginTest - Starting Login Test
2026-02-16 17:10:45 INFO  LoginPage - Entering username
2026-02-16 17:10:46 INFO  LoginPage - Entering Password
2026-02-16 17:10:46 INFO  LoginPage - Clicking Login button
2026-02-16 17:10:46 INFO  LoginTest - Login Test Completed
2026-02-16 17:15:54 INFO  LoginTest - Launching browser...
2026-02-16 17:15:56 INFO  LoginTest - Starting Login Test
2026-02-16 17:15:56 INFO  LoginPage - Entering username
2026-02-16 17:15:57 INFO  LoginPage - Entering Password
2026-02-16 17:15:57 INFO  LoginPage - Clicking Login button
2026-02-16 17:23:06 INFO  LoginTest - Launching browser...
2026-02-16 17:23:08 INFO  LoginTest - Starting Login Test
2026-02-16 17:23:08 INFO  LoginPage - Entering username
2026-02-16 17:23:08 INFO  LoginPage - Entering Password
2026-02-16 17:23:08 INFO  LoginPage - Clicking Login button
2026-02-16 17:23:11 INFO  LoginTest - Login Test Completed
2026-02-16 17:29:30 INFO  LoginTest - Launching browser...
2026-02-16 17:29:33 INFO  LoginTest - Starting Login Test
2026-02-16 17:29:33 INFO  LoginPage - Entering username
2026-02-16 17:29:33 INFO  LoginPage - Entering Password
2026-02-16 17:29:33 INFO  LoginPage - Clicking Login button
2026-02-16 17:37:23 INFO  LoginTest - Launching browser...
2026-02-16 17:37:25 INFO  LoginTest - Starting Login Test
2026-02-16 17:37:25 INFO  LoginPage - Entering username
2026-02-16 17:37:26 INFO  LoginPage - Entering Password
2026-02-16 17:37:26 INFO  LoginPage - Clicking Login button
2026-02-16 18:45:49 INFO  LoginTest - Launching browser...
2026-02-16 18:45:53 INFO  LoginTest - Starting Login Test
2026-02-16 18:45:53 INFO  LoginPage - Entering username
2026-02-16 18:45:53 INFO  LoginPage - Entering Password
2026-02-16 18:45:54 INFO  LoginPage - Clicking Login button
2026-02-16 18:47:48 INFO  LoginTest - Launching browser...
2026-02-16 18:47:50 INFO  LoginTest - Starting Login Test
2026-02-16 18:47:50 INFO  LoginPage - Entering username
2026-02-16 18:47:50 INFO  LoginPage - Entering Password
2026-02-16 18:47:50 INFO  LoginPage - Clicking Login button
2026-02-16 18:47:50 INFO  LoginTest - Login Test Completed
2026-02-16 19:04:41 INFO  LoginTest - Launching browser...
2026-02-16 19:04:44 INFO  LoginTest - Starting Login Test
2026-02-16 19:04:44 INFO  LoginPage - Entering username
2026-02-16 19:04:44 INFO  LoginPage - Entering Password
2026-02-16 19:04:44 INFO  LoginPage - Clicking Login button
2026-02-16 19:11:53 INFO  LoginTest - Launching browser...
2026-02-16 19:11:55 INFO  LoginTest - Starting Login Test
2026-02-16 19:11:55 INFO  LoginPage - Entering username
2026-02-16 19:11:55 INFO  LoginPage - Entering Password
2026-02-16 19:11:55 INFO  LoginPage - Clicking Login button
2026-02-16 19:15:48 INFO  LoginTest - Launching browser...
2026-02-16 19:15:51 INFO  LoginTest - Starting Login Test
2026-02-16 19:15:51 INFO  LoginPage - Entering username
2026-02-16 19:15:51 INFO  LoginPage - Entering Password
2026-02-16 19:15:51 INFO  LoginPage - Clicking Login button
2026-02-16 19:15:51 INFO  LoginTest - Login Test Completed
2026-02-16 19:19:11 INFO  LoginTest - Launching browser...
2026-02-16 19:19:14 INFO  LoginTest - Starting Login Test
2026-02-16 19:19:14 INFO  LoginPage - Entering username
2026-02-16 19:19:14 INFO  LoginPage - Entering Password
2026-02-16 19:19:14 INFO  LoginPage - Clicking Login button
2026-02-16 19:19:14 INFO  LoginTest - Login Test Completed
2026-02-16 20:44:26 INFO  AccountRegister - Launching browser...
2026-02-16 20:44:29 INFO  AccountRegister - Starting Login Test
2026-02-16 20:44:29 INFO  LoginPage - Entering username
2026-02-19 16:04:59 INFO  LoginTest - Launching browser...
2026-02-19 16:05:04 INFO  LoginTest - Starting Login Test
2026-02-19 16:05:04 INFO  LoginPage - Entering username
2026-02-19 16:05:04 INFO  LoginPage - Entering Password
2026-02-19 16:06:32 INFO  LoginTest - Launching browser...
2026-02-19 16:06:34 INFO  LoginTest - Starting Login Test
2026-02-19 16:06:34 INFO  LoginPage - Entering username
2026-02-19 16:06:34 INFO  LoginPage - Entering Password
2026-02-19 16:06:34 INFO  LoginPage - Clicking Login button
2026-02-19 16:06:54 INFO  LoginTest - Launching browser...
2026-02-19 16:06:56 INFO  LoginTest - Starting Login Test
2026-02-19 16:06:56 INFO  LoginPage - Entering username
2026-02-19 16:06:56 INFO  LoginPage - Entering Password
2026-02-19 16:06:56 INFO  LoginPage - Clicking Login button
2026-02-19 16:07:15 INFO  LoginTest - Launching browser...
2026-02-19 16:07:17 INFO  LoginTest - Starting Login Test
2026-02-19 16:07:17 INFO  LoginPage - Entering username
2026-02-19 16:07:17 INFO  LoginPage - Entering Password
2026-02-19 16:07:17 INFO  LoginPage - Clicking Login button
2026-02-19 16:08:09 INFO  LoginTest - Launching browser...
2026-02-19 16:08:10 INFO  LoginTest - Starting Login Test
2026-02-19 16:08:10 INFO  LoginPage - Entering username
2026-02-19 16:08:10 INFO  LoginPage - Entering Password
2026-02-19 16:08:10 INFO  LoginPage - Clicking Login button
2026-02-19 16:08:11 INFO  LoginTest - Login Test Completed
2026-02-19 16:09:39 INFO  LoginTest - Launching browser...
2026-02-19 16:09:40 INFO  LoginTest - Starting Login Test
2026-02-19 16:09:40 INFO  LoginPage - Entering username
2026-02-19 16:09:41 INFO  LoginPage - Entering Password
2026-02-19 16:09:41 INFO  LoginPage - Clicking Login button
2026-02-19 16:09:41 INFO  LoginTest - Login Test Completed
2026-02-19 16:09:41 INFO  LoginTest - Closing browser...
2026-02-19 16:12:21 INFO  LoginTest - Launching browser...
2026-02-19 16:12:23 INFO  LoginTest - Starting Login Test
2026-02-19 16:12:23 INFO  LoginPage - Entering username
2026-02-19 16:12:23 INFO  LoginPage - Entering Password
2026-02-19 16:12:23 INFO  LoginPage - Clicking Login button
2026-02-19 16:12:23 INFO  LoginTest - Login Test Completed
2026-02-19 16:12:23 INFO  LoginTest - Closing browser...
2026-02-19 16:12:38 INFO  LoginTest - Launching browser...
2026-02-19 16:12:42 INFO  LoginTest - Starting Login Test
2026-02-19 16:12:42 INFO  LoginPage - Entering username
2026-02-19 16:12:42 INFO  LoginPage - Entering Password
2026-02-19 16:12:42 INFO  LoginPage - Clicking Login button
2026-02-19 16:12:42 INFO  LoginTest - Login Test Completed
2026-02-19 16:12:42 INFO  LoginTest - Closing browser...
2026-02-19 16:15:44 INFO  LoginTest - Launching browser...
2026-02-19 16:15:46 INFO  LoginTest - Starting Login Test
2026-02-19 16:15:46 INFO  LoginPage - Entering username
2026-02-19 16:15:46 INFO  LoginPage - Entering Password
2026-02-19 16:15:46 INFO  LoginPage - Clicking Login button
2026-02-19 16:15:46 INFO  LoginTest - Login Test Completed
2026-02-19 16:15:46 INFO  LoginTest - Closing browser...
2026-02-19 16:15:46 INFO  LoginTest - Launching browser...
2026-02-19 16:15:47 INFO  LoginTest - Starting Login Test
2026-02-19 16:15:47 INFO  LoginPage - Entering username
2026-02-19 16:15:47 INFO  LoginPage - Entering Password
2026-02-19 16:15:48 INFO  LoginPage - Clicking Login button
2026-02-19 16:15:48 INFO  LoginTest - Login Test Completed
2026-02-19 16:15:48 INFO  LoginTest - Closing browser...
2026-02-19 16:16:54 INFO  LoginTest - Launching browser...
2026-02-19 16:16:54 INFO  LoginTest - Launching browser...
2026-02-19 16:16:56 INFO  LoginTest - Starting Login Test
2026-02-19 16:16:56 INFO  LoginTest - Starting Login Test
2026-02-19 16:16:56 INFO  LoginPage - Entering username
2026-02-19 16:16:56 INFO  LoginPage - Entering username
2026-02-19 16:16:56 INFO  LoginPage - Entering Password
2026-02-19 16:16:56 INFO  LoginPage - Entering Password
2026-02-19 16:16:56 INFO  LoginPage - Clicking Login button
2026-02-19 16:16:56 INFO  LoginPage - Clicking Login button
2026-02-19 16:16:57 INFO  LoginTest - Login Test Completed
2026-02-19 16:16:57 INFO  LoginTest - Closing browser...
2026-02-19 16:16:57 INFO  LoginTest - Login Test Completed
2026-02-19 16:16:57 INFO  LoginTest - Closing browser...
2026-02-19 16:17:15 INFO  LoginTest - Launching browser...
2026-02-19 16:17:15 INFO  LoginTest - Launching browser...
2026-02-19 16:17:17 INFO  LoginTest - Starting Login Test
2026-02-19 16:17:17 INFO  LoginPage - Entering username
2026-02-19 16:17:17 INFO  LoginTest - Starting Login Test
2026-02-19 16:17:17 INFO  LoginPage - Entering username
2026-02-19 16:17:17 INFO  LoginPage - Entering Password
2026-02-19 16:17:17 INFO  LoginPage - Entering Password
2026-02-19 16:17:17 INFO  LoginPage - Clicking Login button
2026-02-19 16:17:17 INFO  LoginPage - Clicking Login button
2026-02-19 16:17:17 INFO  LoginTest - Login Test Completed
2026-02-19 16:17:17 INFO  LoginTest - Closing browser...
2026-02-19 16:17:17 INFO  LoginTest - Login Test Completed
2026-02-19 16:17:17 INFO  LoginTest - Closing browser...
2026-02-19 16:52:20 INFO  LoginTest - Launching browser...
2026-02-19 16:52:22 INFO  LoginTest - Starting Login Test
2026-02-19 16:52:22 INFO  LoginPage - Entering username
2026-02-19 16:52:22 INFO  LoginPage - Entering Password
2026-02-19 16:52:22 INFO  LoginPage - Clicking Login button
2026-02-19 16:52:23 INFO  LoginTest - Login Test Completed
2026-02-19 16:52:23 INFO  LoginTest - Closing browser...
2026-02-19 17:08:00 INFO  LoginTest - Launching browser...
2026-02-19 17:08:03 INFO  LoginTest - Closing browser...
2026-02-19 17:36:29 INFO  LoginTest - Launching browser...
2026-02-19 17:36:32 INFO  LoginTest - Closing browser...
2026-02-19 17:58:04 INFO  LoginTest - Launching browser...
2026-02-19 17:58:07 INFO  LoginTest - Closing browser...
2026-02-19 17:58:38 INFO  LoginTest - Launching browser...
2026-02-19 18:02:38 INFO  LoginTest - Launching browser...
2026-02-19 18:06:34 INFO  LoginTest - Launching browser...
2026-02-19 18:07:49 INFO  LoginTest - Launching browser...
2026-02-19 18:08:59 INFO  LoginTest - Launching browser...
2026-02-19 18:15:27 INFO  LoginTest - Launching browser...
2026-02-19 18:15:30 INFO  LoginTest - Starting Login Test
2026-02-19 18:15:30 INFO  LoginPage - Entering username
2026-02-19 18:15:30 INFO  LoginPage - Entering Password
2026-02-19 18:15:30 INFO  LoginPage - Clicking Login button
2026-02-19 18:18:07 INFO  LoginTest - Launching browser...
2026-02-19 18:18:10 INFO  LoginTest - Starting Login Test
2026-02-19 18:18:10 INFO  LoginPage - Entering username
2026-02-19 18:18:10 INFO  LoginPage - Entering Password
2026-02-19 18:18:10 INFO  LoginPage - Clicking Login button
2026-02-19 18:20:21 INFO  LoginTest - Launching browser...
2026-02-19 18:20:23 INFO  LoginTest - Starting Login Test
2026-02-19 18:20:23 INFO  LoginPage - Entering username
2026-02-19 18:20:24 INFO  LoginPage - Entering Password
2026-02-19 18:20:24 INFO  LoginPage - Clicking Login button
2026-02-19 18:20:24 INFO  LoginTest - Login Test Completed
2026-02-19 18:20:24 INFO  LoginTest - Starting Login Test
2026-02-19 18:20:24 INFO  LoginPage - Entering username
2026-02-19 18:20:34 INFO  LoginTest - Starting Login Test
2026-02-19 18:20:34 INFO  LoginPage - Entering username
2026-02-19 18:20:44 INFO  LoginTest - Starting Login Test
2026-02-19 18:20:44 INFO  LoginPage - Entering username
2026-02-19 18:23:09 INFO  LoginTest - Launching browser...
2026-02-19 18:23:11 INFO  LoginTest - Starting Login Test
2026-02-19 18:23:11 INFO  LoginPage - Entering username
2026-02-19 18:23:11 INFO  LoginPage - Entering Password
2026-02-19 18:23:11 INFO  LoginPage - Clicking Login button
2026-02-19 18:23:11 INFO  LoginTest - Starting Login Test
2026-02-19 18:23:11 INFO  LoginPage - Entering username
2026-02-19 18:23:23 INFO  LoginTest - Starting Login Test
2026-02-19 18:23:23 INFO  LoginPage - Entering username
2026-02-19 18:23:33 INFO  LoginTest - Starting Login Test
2026-02-19 18:23:33 INFO  LoginPage - Entering username
2026-02-19 18:25:07 INFO  LoginTest - Launching browser...
2026-02-19 18:25:10 INFO  LoginTest - Starting Login Test
2026-02-19 18:25:10 INFO  LoginPage - Entering username
2026-02-19 18:25:10 INFO  LoginPage - Entering Password
2026-02-19 18:25:10 INFO  LoginPage - Clicking Login button
2026-02-19 18:25:11 INFO  LoginTest - Starting Login Test
2026-02-19 18:25:11 INFO  LoginPage - Entering username
2026-02-19 18:25:21 INFO  LoginTest - Starting Login Test
2026-02-19 18:25:21 INFO  LoginPage - Entering username
2026-02-19 18:25:31 INFO  LoginTest - Starting Login Test
2026-02-19 18:25:31 INFO  LoginPage - Entering username
2026-02-19 18:28:07 INFO  LoginTest - Launching browser...
2026-02-19 18:28:09 INFO  LoginTest - Starting Login Test
2026-02-19 18:28:09 INFO  LoginPage - Entering username
2026-02-19 18:28:09 INFO  LoginPage - Entering Password
2026-02-19 18:28:09 INFO  LoginPage - Clicking Login button
2026-02-19 18:28:10 INFO  LoginTest - Starting Login Test
2026-02-19 18:28:10 INFO  LoginPage - Entering username
2026-02-19 18:28:20 INFO  LoginTest - Starting Login Test
2026-02-19 18:28:20 INFO  LoginPage - Entering username
2026-02-19 18:28:30 INFO  LoginTest - Starting Login Test
2026-02-19 18:28:30 INFO  LoginPage - Entering username
2026-02-19 18:30:40 INFO  LoginTest - Launching browser...
2026-02-19 18:30:42 INFO  LoginTest - Starting Login Test
2026-02-19 18:30:42 INFO  LoginPage - Entering username
2026-02-19 18:30:42 INFO  LoginPage - Entering Password
2026-02-19 18:30:43 INFO  LoginPage - Clicking Login button
2026-02-19 18:30:43 INFO  LoginTest - Starting Login Test
2026-02-19 18:30:43 INFO  LoginPage - Entering username
2026-02-19 18:30:53 INFO  LoginTest - Starting Login Test
2026-02-19 18:30:53 INFO  LoginPage - Entering username
2026-02-19 18:31:03 INFO  LoginTest - Starting Login Test
2026-02-19 18:31:03 INFO  LoginPage - Entering username
2026-02-19 18:39:15 INFO  LoginTest - Launching browser...
2026-02-19 18:39:17 INFO  LoginTest - Starting Login Test
2026-02-19 18:39:17 INFO  LoginPage - Entering username
2026-02-19 18:39:17 INFO  LoginPage - Entering Password
2026-02-19 18:39:17 INFO  LoginPage - Clicking Login button
2026-02-19 18:39:18 INFO  LoginTest - Starting Login Test
2026-02-19 18:39:18 INFO  LoginPage - Entering username
2026-02-19 18:39:28 INFO  LoginTest - Starting Login Test
2026-02-19 18:39:28 INFO  LoginPage - Entering username
2026-02-19 18:39:38 INFO  LoginTest - Starting Login Test
2026-02-19 18:39:38 INFO  LoginPage - Entering username
2026-02-19 18:43:03 INFO  LoginTest - Launching browser...
2026-02-19 18:43:05 INFO  LoginTest - Starting Login Test
2026-02-19 18:43:05 INFO  LoginPage - Entering username
2026-02-19 18:43:05 INFO  LoginPage - Entering Password
2026-02-19 18:43:05 INFO  LoginPage - Clicking Login button
2026-02-19 18:43:05 INFO  LoginTest - Starting Login Test
2026-02-19 18:43:05 INFO  LoginPage - Entering username
2026-02-19 18:43:16 INFO  LoginTest - Starting Login Test
2026-02-19 18:43:16 INFO  LoginPage - Entering username
2026-02-19 18:43:26 INFO  LoginTest - Starting Login Test
2026-02-19 18:43:26 INFO  LoginPage - Entering username
2026-02-19 18:47:06 INFO  LoginTest - Launching browser...
2026-02-19 18:47:09 INFO  LoginTest - Starting Login Test
2026-02-19 18:47:09 INFO  LoginPage - Entering username
2026-02-19 18:47:09 INFO  LoginPage - Entering Password
2026-02-19 18:47:09 INFO  LoginPage - Clicking Login button
2026-02-19 18:47:10 INFO  LoginTest - Login Test Completed
2026-02-19 18:47:10 INFO  LoginTest - Starting Login Test
2026-02-19 18:47:10 INFO  LoginPage - Entering username
2026-02-19 18:47:20 INFO  LoginTest - Starting Login Test
2026-02-19 18:47:20 INFO  LoginPage - Entering username
2026-02-19 18:47:30 INFO  LoginTest - Starting Login Test
2026-02-19 18:47:30 INFO  LoginPage - Entering username
2026-02-19 18:48:28 INFO  LoginTest - Launching browser...
2026-02-19 18:48:30 INFO  LoginTest - Starting Login Test
2026-02-19 18:48:30 INFO  LoginPage - Entering username
2026-02-19 18:48:31 INFO  LoginPage - Entering Password
2026-02-19 18:48:31 INFO  LoginPage - Clicking Login button
2026-02-19 18:48:32 INFO  LoginTest - Login Test Completed
2026-02-19 19:04:43 INFO  LoginTest - Launching browser...
2026-02-19 19:04:46 INFO  LoginTest - Starting Login Test
2026-02-19 19:04:46 INFO  LoginPage - Entering username
2026-02-19 19:04:46 INFO  LoginPage - Entering Password
2026-02-19 19:04:46 INFO  LoginPage - Clicking Login button
2026-02-19 19:04:47 INFO  LoginTest - Login Test Completed
2026-02-19 19:05:34 INFO  LoginTest - Launching browser...
2026-02-19 19:05:36 INFO  LoginTest - Starting Login Test
2026-02-19 19:05:36 INFO  LoginPage - Entering username
2026-02-19 19:05:36 INFO  LoginPage - Entering Password
2026-02-19 19:05:36 INFO  LoginPage - Clicking Login button
2026-02-19 19:05:38 INFO  LoginTest - Login Test Completed
2026-02-19 19:05:38 INFO  LoginTest - Closing browser...
2026-02-19 19:06:15 INFO  LoginTest - Launching browser...
2026-02-19 19:06:17 INFO  LoginTest - Starting Login Test
2026-02-19 19:06:17 INFO  LoginPage - Entering username
2026-02-19 19:06:17 INFO  LoginPage - Entering Password
2026-02-19 19:06:18 INFO  LoginPage - Clicking Login button
2026-02-19 19:06:19 INFO  LoginTest - Login Test Completed
2026-02-19 19:06:19 INFO  LoginTest - Starting Login Test
2026-02-19 19:06:19 INFO  LoginPage - Entering username
2026-02-19 19:06:19 INFO  LoginPage - Entering Password
2026-02-19 19:06:19 INFO  LoginPage - Clicking Login button
2026-02-19 19:06:29 INFO  LoginTest - Closing browser...
2026-02-19 19:09:14 INFO  LoginTest - Launching browser...
2026-02-19 19:09:17 INFO  LoginTest - Starting Login Test
2026-02-19 19:09:17 INFO  LoginPage - Entering username
2026-02-19 19:09:17 INFO  LoginPage - Entering Password
2026-02-19 19:09:17 INFO  LoginPage - Clicking Login button
2026-02-19 19:09:17 INFO  MyAccountPage - Validating HEading...
2026-02-19 19:09:18 INFO  MyAccountPage - Logging Out...
2026-02-19 19:09:18 INFO  LoginTest - Login Test Completed
2026-02-19 19:09:18 INFO  LoginTest - Starting Login Test
2026-02-19 19:09:19 INFO  LoginPage - Entering username
2026-02-19 19:09:19 INFO  LoginPage - Entering Password
2026-02-19 19:09:19 INFO  LoginPage - Clicking Login button
2026-02-19 19:09:19 INFO  MyAccountPage - Validating HEading...
2026-02-19 19:09:29 INFO  LoginTest - Closing browser...
2026-02-19 19:16:49 INFO  LoginTest - Launching browser...
2026-02-19 19:16:51 INFO  LoginTest - Starting Login Test
2026-02-19 19:16:51 INFO  LoginPage - Entering username
2026-02-19 19:16:52 INFO  LoginPage - Entering Password
2026-02-19 19:16:52 INFO  LoginPage - Clicking Login button
2026-02-19 19:16:52 INFO  MyAccountPage - Validating HEading...
2026-02-19 19:16:52 INFO  MyAccountPage - Logging Out...
2026-02-19 19:16:53 INFO  LoginTest - Login Test Completed
2026-02-19 19:16:53 INFO  LoginTest - Closing browser...
2026-02-19 19:40:48 INFO  LoginTest - Launching browser...
2026-02-19 19:40:50 INFO  TestListener - Test Started: verifyLogin
2026-02-19 19:40:50 INFO  LoginTest - Starting Login Test
2026-02-19 19:40:51 INFO  LoginPage - Entering username
2026-02-19 19:40:51 INFO  LoginPage - Entering Password
2026-02-19 19:40:51 INFO  LoginPage - Clicking Login button
2026-02-19 19:40:51 INFO  MyAccountPage - Validating HEading...
2026-02-19 19:40:52 INFO  MyAccountPage - Logging Out...
2026-02-19 19:40:52 INFO  LoginTest - Login Test Completed
2026-02-19 19:40:52 INFO  TestListener - Test Passed: verifyLogin
2026-02-19 19:40:52 INFO  LoginTest - Closing browser...
2026-02-19 19:42:28 INFO  LoginTest - Launching browser...
2026-02-19 19:42:31 INFO  TestListener - Test Started: verifyLogin
2026-02-19 19:42:31 INFO  LoginTest - Starting Login Test
2026-02-19 19:42:31 INFO  LoginPage - Entering username
2026-02-19 19:42:31 INFO  LoginPage - Entering Password
2026-02-19 19:42:31 INFO  LoginPage - Clicking Login button
2026-02-19 19:42:31 INFO  MyAccountPage - Validating HEading...
2026-02-19 19:42:32 ERROR TestListener - Test Failed: verifyLogin
2026-02-19 19:42:33 INFO  LoginTest - Closing browser...
2026-02-19 19:52:58 INFO  LoginTest - Launching browser...
2026-02-19 19:53:01 INFO  TestListener - Test Started: verifyLogin
2026-02-19 19:53:01 INFO  LoginTest - Starting Login Test
2026-02-19 19:53:01 INFO  LoginPage - Entering username
2026-02-19 19:53:01 INFO  LoginPage - Entering Password
2026-02-19 19:53:01 INFO  LoginPage - Clicking Login button
2026-02-19 19:53:01 INFO  MyAccountPage - Validating HEading...
2026-02-19 19:53:02 ERROR TestListener - Test Failed: verifyLogin
2026-02-19 19:53:02 INFO  LoginTest - Closing browser...
2026-02-19 19:55:53 INFO  LoginTest - Launching browser...
2026-02-19 19:55:56 INFO  TestListener - Test Started: verifyLogin
2026-02-19 19:55:56 INFO  LoginTest - Starting Login Test
2026-02-19 19:55:56 INFO  LoginPage - Entering username
2026-02-19 19:55:56 INFO  LoginPage - Entering Password
2026-02-19 19:55:56 INFO  LoginPage - Clicking Login button
2026-02-19 19:55:56 INFO  MyAccountPage - Validating HEading...
2026-02-19 19:55:57 ERROR TestListener - Test Failed: verifyLogin
2026-02-19 19:55:57 INFO  LoginTest - Closing browser...
2026-02-19 19:59:25 INFO  LoginTest - Launching browser...
2026-02-19 19:59:27 INFO  TestListener - Test Started: verifyLogin
2026-02-19 19:59:27 INFO  LoginTest - Starting Login Test
2026-02-19 19:59:27 INFO  LoginPage - Entering username
2026-02-19 19:59:28 INFO  LoginPage - Entering Password
2026-02-19 19:59:28 INFO  LoginPage - Clicking Login button
2026-02-19 19:59:28 INFO  MyAccountPage - Validating HEading...
2026-02-19 19:59:28 ERROR TestListener - Test Failed: verifyLogin
2026-02-19 19:59:29 INFO  LoginTest - Closing browser...
2026-02-19 20:13:15 INFO  LoginTest - Launching browser...
2026-02-19 20:13:18 INFO  TestListener - Test Started: verifyLogin
2026-02-19 20:13:18 INFO  LoginTest - Starting Login Test
2026-02-19 20:13:19 INFO  LoginPage - Entering username
2026-02-19 20:13:19 INFO  LoginPage - Entering Password
2026-02-19 20:13:19 INFO  LoginPage - Clicking Login button
2026-02-19 20:13:19 INFO  MyAccountPage - Validating HEading...
2026-02-19 20:13:20 ERROR TestListener - Test Failed: verifyLogin
2026-02-19 20:13:20 INFO  LoginTest - Closing browser...
2026-02-20 16:17:14 INFO  LoginTest - Launching browser...
2026-02-20 16:17:18 INFO  TestListener - Test Started: verifyLogin
2026-02-20 16:17:18 INFO  LoginTest - Starting Login Test
2026-02-20 16:17:18 INFO  LoginPage - Entering username
2026-02-20 16:17:18 INFO  LoginPage - Entering Password
2026-02-20 16:17:18 INFO  LoginPage - Clicking Login button
2026-02-20 16:17:19 INFO  MyAccountPage - Validating HEading...
2026-02-20 16:17:19 ERROR TestListener - Test Failed: verifyLogin
2026-02-20 16:17:19 INFO  LoginTest - Closing browser...
2026-02-20 16:24:43 INFO  LoginTest - Launching browser...
2026-02-20 16:24:46 INFO  TestListener - Test Started: verifyLogin
2026-02-20 16:24:46 INFO  LoginTest - Starting Login Test
2026-02-20 16:24:46 INFO  LoginPage - Entering username
2026-02-20 16:24:46 INFO  LoginPage - Entering Password
2026-02-20 16:24:47 INFO  LoginPage - Clicking Login button
2026-02-20 16:24:47 INFO  MyAccountPage - Validating HEading...
2026-02-20 16:24:48 ERROR TestListener - Test Failed: verifyLogin
2026-02-20 16:24:48 INFO  LoginTest - Closing browser...
2026-02-20 16:26:41 INFO  LoginTest - Launching browser...
2026-02-20 16:26:41 INFO  LoginTest - Launching browser...
2026-02-20 16:26:44 INFO  LoginTest - Starting Login Test
2026-02-20 16:26:44 INFO  LoginTest - Starting Login Test
2026-02-20 16:26:54 INFO  LoginTest - Closing browser...
2026-02-20 16:27:04 INFO  LoginTest - Closing browser...
2026-02-20 17:49:54 INFO  LoginTest - Launching browser...
2026-02-20 17:49:58 INFO  TestListener - Test Started: verifyLogin
2026-02-20 17:49:58 INFO  LoginTest - Starting Login Test
2026-02-20 17:49:58 INFO  LoginPage - Entering username
2026-02-20 17:49:58 INFO  LoginPage - Entering Password
2026-02-20 17:49:58 INFO  LoginPage - Clicking Login button
2026-02-20 17:49:59 INFO  MyAccountPage - Validating HEading...
2026-02-20 17:49:59 ERROR TestListener - Test Failed: verifyLogin
2026-02-20 17:49:59 INFO  LoginTest - Closing browser...
2026-02-20 17:50:25 INFO  LoginTest - Launching browser...
2026-02-20 17:50:27 INFO  TestListener - Test Started: verifyLogin
2026-02-20 17:50:27 INFO  LoginTest - Starting Login Test
2026-02-20 17:50:28 INFO  LoginPage - Entering username
2026-02-20 17:50:28 INFO  LoginPage - Entering Password
2026-02-20 17:50:28 INFO  LoginPage - Clicking Login button
2026-02-20 17:50:29 INFO  MyAccountPage - Validating HEading...
2026-02-20 17:50:29 ERROR TestListener - Test Failed: verifyLogin
2026-02-20 17:50:29 INFO  LoginTest - Closing browser...
2026-02-20 18:56:16 INFO  LoginTest - Launching browser...
2026-02-20 18:56:17 INFO  TestListener - Test Started: verifyLogin
2026-02-20 18:59:56 INFO  LoginTest - Launching browser...
2026-02-20 18:59:59 INFO  TestListener - Test Started: verifyLogin
2026-02-20 18:59:59 INFO  LoginTest - Starting Login Test
2026-02-20 18:59:59 INFO  LoginPage - Entering username
2026-02-20 19:00:00 INFO  LoginPage - Entering Password
2026-02-20 19:00:00 INFO  LoginPage - Clicking Login button
2026-02-20 19:00:10 INFO  MyAccountPage - Validating HEading...
2026-02-20 19:00:10 INFO  MyAccountPage - Logging Out...
2026-02-20 19:00:11 INFO  LoginTest - Login Test Completed
2026-02-20 19:00:11 INFO  TestListener - Test Passed: verifyLogin
2026-02-20 19:00:11 INFO  LoginTest - Closing browser...
2026-02-20 19:27:45 INFO  LoginTest - Launching browser...
2026-02-20 19:27:49 INFO  TestListener - Test Started: verifyLogin
2026-02-20 19:27:49 INFO  LoginTest - Starting Login Test
2026-02-20 19:27:49 INFO  LoginPage - Entering username
2026-02-20 19:27:49 INFO  LoginPage - Entering Password
2026-02-20 19:27:49 INFO  LoginPage - Clicking Login button
2026-02-20 19:27:50 INFO  MyAccountPage - Validating HEading...
2026-02-20 19:27:50 INFO  MyAccountPage - Logging Out...
2026-02-20 19:27:50 INFO  LoginTest - Login Test Completed
2026-02-20 19:27:50 INFO  TestListener - Test Passed: verifyLogin
2026-02-20 19:27:50 INFO  LoginTest - Closing browser...
2026-02-20 19:29:07 INFO  LoginTest - Launching browser...
2026-02-20 19:29:10 INFO  TestListener - Test Started: verifyLogin
2026-02-20 19:29:10 INFO  LoginTest - Starting Login Test
2026-02-20 19:29:11 INFO  LoginPage - Entering username
2026-02-20 19:29:11 INFO  LoginPage - Entering Password
2026-02-20 19:29:11 INFO  LoginPage - Clicking Login button
2026-02-20 19:29:12 INFO  MyAccountPage - Validating HEading...
2026-02-20 19:29:12 INFO  MyAccountPage - Logging Out...
2026-02-20 19:29:12 INFO  LoginTest - Login Test Completed
2026-02-20 19:29:12 INFO  TestListener - Test Passed: verifyLogin
2026-02-20 19:29:12 INFO  LoginTest - Closing browser...
